<?xml version="1.0" encoding="UTF-8"?>
<testsuite name="ro.irina.pizza3.api.RestaurantControllerTest" tests="1" skipped="0" failures="0" errors="0" timestamp="2017-09-11T07:13:28" hostname="Asus" time="0.929">
  <properties/>
  <testcase name="indexTest" classname="ro.irina.pizza3.api.RestaurantControllerTest" time="0.929"/>
  <system-out><![CDATA[10:13:21.031 [Test worker] DEBUG org.springframework.test.context.junit4.SpringJUnit4ClassRunner - SpringJUnit4ClassRunner constructor called with [class ro.irina.pizza3.api.RestaurantControllerTest]
10:13:21.056 [Test worker] DEBUG org.springframework.test.context.BootstrapUtils - Instantiating CacheAwareContextLoaderDelegate from class [org.springframework.test.context.cache.DefaultCacheAwareContextLoaderDelegate]
10:13:21.079 [Test worker] DEBUG org.springframework.test.context.BootstrapUtils - Instantiating BootstrapContext using constructor [public org.springframework.test.context.support.DefaultBootstrapContext(java.lang.Class,org.springframework.test.context.CacheAwareContextLoaderDelegate)]
10:13:21.108 [Test worker] DEBUG org.springframework.test.context.BootstrapUtils - Instantiating TestContextBootstrapper for test class [ro.irina.pizza3.api.RestaurantControllerTest] from class [org.springframework.boot.test.autoconfigure.web.servlet.WebMvcTestContextBootstrapper]
10:13:21.177 [Test worker] INFO org.springframework.boot.test.autoconfigure.web.servlet.WebMvcTestContextBootstrapper - Neither @ContextConfiguration nor @ContextHierarchy found for test class [ro.irina.pizza3.api.RestaurantControllerTest], using SpringBootContextLoader
10:13:21.185 [Test worker] DEBUG org.springframework.test.context.support.AbstractContextLoader - Did not detect default resource location for test class [ro.irina.pizza3.api.RestaurantControllerTest]: class path resource [ro/irina/pizza3/api/RestaurantControllerTest-context.xml] does not exist
10:13:21.186 [Test worker] DEBUG org.springframework.test.context.support.AbstractContextLoader - Did not detect default resource location for test class [ro.irina.pizza3.api.RestaurantControllerTest]: class path resource [ro/irina/pizza3/api/RestaurantControllerTestContext.groovy] does not exist
10:13:21.186 [Test worker] INFO org.springframework.test.context.support.AbstractContextLoader - Could not detect default resource locations for test class [ro.irina.pizza3.api.RestaurantControllerTest]: no resource found for suffixes {-context.xml, Context.groovy}.
10:13:21.188 [Test worker] INFO org.springframework.test.context.support.AnnotationConfigContextLoaderUtils - Could not detect default configuration classes for test class [ro.irina.pizza3.api.RestaurantControllerTest]: RestaurantControllerTest does not declare any static, non-private, non-final, nested classes annotated with @Configuration.
10:13:21.331 [Test worker] DEBUG org.springframework.test.context.support.ActiveProfilesUtils - Could not find an 'annotation declaring class' for annotation type [org.springframework.test.context.ActiveProfiles] and class [ro.irina.pizza3.api.RestaurantControllerTest]
10:13:21.348 [Test worker] DEBUG org.springframework.core.env.StandardEnvironment - Adding [systemProperties] PropertySource with lowest search precedence
10:13:21.348 [Test worker] DEBUG org.springframework.core.env.StandardEnvironment - Adding [systemEnvironment] PropertySource with lowest search precedence
10:13:21.349 [Test worker] DEBUG org.springframework.core.env.StandardEnvironment - Initialized StandardEnvironment with PropertySources [systemProperties,systemEnvironment]
10:13:21.366 [Test worker] DEBUG org.springframework.core.io.support.PathMatchingResourcePatternResolver - Resolved classpath location [ro/irina/pizza3/api/] to resources [URL [file:/D:/irina/prog/Java/coffe/samples_2017/pizza3/build/classes/java/test/ro/irina/pizza3/api/], URL [file:/D:/irina/prog/Java/coffe/samples_2017/pizza3/build/classes/java/main/ro/irina/pizza3/api/]]
10:13:21.366 [Test worker] DEBUG org.springframework.core.io.support.PathMatchingResourcePatternResolver - Looking for matching resources in directory tree [D:\irina\prog\Java\coffe\samples_2017\pizza3\build\classes\java\test\ro\irina\pizza3\api]
10:13:21.366 [Test worker] DEBUG org.springframework.core.io.support.PathMatchingResourcePatternResolver - Searching directory [D:\irina\prog\Java\coffe\samples_2017\pizza3\build\classes\java\test\ro\irina\pizza3\api] for files matching pattern [D:/irina/prog/Java/coffe/samples_2017/pizza3/build/classes/java/test/ro/irina/pizza3/api/*.class]
10:13:21.370 [Test worker] DEBUG org.springframework.core.io.support.PathMatchingResourcePatternResolver - Looking for matching resources in directory tree [D:\irina\prog\Java\coffe\samples_2017\pizza3\build\classes\java\main\ro\irina\pizza3\api]
10:13:21.371 [Test worker] DEBUG org.springframework.core.io.support.PathMatchingResourcePatternResolver - Searching directory [D:\irina\prog\Java\coffe\samples_2017\pizza3\build\classes\java\main\ro\irina\pizza3\api] for files matching pattern [D:/irina/prog/Java/coffe/samples_2017/pizza3/build/classes/java/main/ro/irina/pizza3/api/*.class]
10:13:21.372 [Test worker] DEBUG org.springframework.core.io.support.PathMatchingResourcePatternResolver - Resolved location pattern [classpath*:ro/irina/pizza3/api/*.class] to resources [file [D:\irina\prog\Java\coffe\samples_2017\pizza3\build\classes\java\test\ro\irina\pizza3\api\RestaurantApiControllerTest.class], file [D:\irina\prog\Java\coffe\samples_2017\pizza3\build\classes\java\test\ro\irina\pizza3\api\RestaurantControllerTest.class], file [D:\irina\prog\Java\coffe\samples_2017\pizza3\build\classes\java\main\ro\irina\pizza3\api\RestaurantApiController.class], file [D:\irina\prog\Java\coffe\samples_2017\pizza3\build\classes\java\main\ro\irina\pizza3\api\RestaurantController.class]]
10:13:21.415 [Test worker] DEBUG org.springframework.core.io.support.PathMatchingResourcePatternResolver - Resolved classpath location [ro/irina/pizza3/] to resources [URL [file:/D:/irina/prog/Java/coffe/samples_2017/pizza3/build/classes/java/test/ro/irina/pizza3/], URL [file:/D:/irina/prog/Java/coffe/samples_2017/pizza3/build/classes/java/main/ro/irina/pizza3/]]
10:13:21.416 [Test worker] DEBUG org.springframework.core.io.support.PathMatchingResourcePatternResolver - Looking for matching resources in directory tree [D:\irina\prog\Java\coffe\samples_2017\pizza3\build\classes\java\test\ro\irina\pizza3]
10:13:21.416 [Test worker] DEBUG org.springframework.core.io.support.PathMatchingResourcePatternResolver - Searching directory [D:\irina\prog\Java\coffe\samples_2017\pizza3\build\classes\java\test\ro\irina\pizza3] for files matching pattern [D:/irina/prog/Java/coffe/samples_2017/pizza3/build/classes/java/test/ro/irina/pizza3/*.class]
10:13:21.419 [Test worker] DEBUG org.springframework.core.io.support.PathMatchingResourcePatternResolver - Looking for matching resources in directory tree [D:\irina\prog\Java\coffe\samples_2017\pizza3\build\classes\java\main\ro\irina\pizza3]
10:13:21.420 [Test worker] DEBUG org.springframework.core.io.support.PathMatchingResourcePatternResolver - Searching directory [D:\irina\prog\Java\coffe\samples_2017\pizza3\build\classes\java\main\ro\irina\pizza3] for files matching pattern [D:/irina/prog/Java/coffe/samples_2017/pizza3/build/classes/java/main/ro/irina/pizza3/*.class]
10:13:21.421 [Test worker] DEBUG org.springframework.core.io.support.PathMatchingResourcePatternResolver - Resolved location pattern [classpath*:ro/irina/pizza3/*.class] to resources []
10:13:21.422 [Test worker] DEBUG org.springframework.core.io.support.PathMatchingResourcePatternResolver - Resolved classpath location [ro/irina/] to resources [URL [file:/D:/irina/prog/Java/coffe/samples_2017/pizza3/build/classes/java/test/ro/irina/], URL [file:/D:/irina/prog/Java/coffe/samples_2017/pizza3/build/classes/java/main/ro/irina/]]
10:13:21.422 [Test worker] DEBUG org.springframework.core.io.support.PathMatchingResourcePatternResolver - Looking for matching resources in directory tree [D:\irina\prog\Java\coffe\samples_2017\pizza3\build\classes\java\test\ro\irina]
10:13:21.422 [Test worker] DEBUG org.springframework.core.io.support.PathMatchingResourcePatternResolver - Searching directory [D:\irina\prog\Java\coffe\samples_2017\pizza3\build\classes\java\test\ro\irina] for files matching pattern [D:/irina/prog/Java/coffe/samples_2017/pizza3/build/classes/java/test/ro/irina/*.class]
10:13:21.423 [Test worker] DEBUG org.springframework.core.io.support.PathMatchingResourcePatternResolver - Looking for matching resources in directory tree [D:\irina\prog\Java\coffe\samples_2017\pizza3\build\classes\java\main\ro\irina]
10:13:21.423 [Test worker] DEBUG org.springframework.core.io.support.PathMatchingResourcePatternResolver - Searching directory [D:\irina\prog\Java\coffe\samples_2017\pizza3\build\classes\java\main\ro\irina] for files matching pattern [D:/irina/prog/Java/coffe/samples_2017/pizza3/build/classes/java/main/ro/irina/*.class]
10:13:21.423 [Test worker] DEBUG org.springframework.core.io.support.PathMatchingResourcePatternResolver - Resolved location pattern [classpath*:ro/irina/*.class] to resources [file [D:\irina\prog\Java\coffe\samples_2017\pizza3\build\classes\java\main\ro\irina\Application.class]]
10:13:21.461 [Test worker] DEBUG org.springframework.context.annotation.ClassPathScanningCandidateComponentProvider - Identified candidate component class: file [D:\irina\prog\Java\coffe\samples_2017\pizza3\build\classes\java\main\ro\irina\Application.class]
10:13:21.463 [Test worker] INFO org.springframework.boot.test.context.SpringBootTestContextBootstrapper - Found @SpringBootConfiguration ro.irina.Application for test class ro.irina.pizza3.api.RestaurantControllerTest
10:13:21.469 [Test worker] DEBUG org.springframework.boot.test.autoconfigure.web.servlet.WebMvcTestContextBootstrapper - @TestExecutionListeners is not present for class [ro.irina.pizza3.api.RestaurantControllerTest]: using defaults.
10:13:21.479 [Test worker] INFO org.springframework.boot.test.autoconfigure.web.servlet.WebMvcTestContextBootstrapper - Loaded default TestExecutionListener class names from location [META-INF/spring.factories]: [org.springframework.boot.test.autoconfigure.restdocs.RestDocsTestExecutionListener, org.springframework.boot.test.autoconfigure.web.client.MockRestServiceServerResetTestExecutionListener, org.springframework.boot.test.autoconfigure.web.servlet.MockMvcPrintOnlyOnFailureTestExecutionListener, org.springframework.boot.test.autoconfigure.web.servlet.WebDriverTestExecutionListener, org.springframework.boot.test.mock.mockito.MockitoTestExecutionListener, org.springframework.boot.test.mock.mockito.ResetMocksTestExecutionListener, org.springframework.test.context.web.ServletTestExecutionListener, org.springframework.test.context.support.DirtiesContextBeforeModesTestExecutionListener, org.springframework.test.context.support.DependencyInjectionTestExecutionListener, org.springframework.test.context.support.DirtiesContextTestExecutionListener, org.springframework.test.context.transaction.TransactionalTestExecutionListener, org.springframework.test.context.jdbc.SqlScriptsTestExecutionListener]
10:13:21.564 [Test worker] INFO org.springframework.boot.test.autoconfigure.web.servlet.WebMvcTestContextBootstrapper - Using TestExecutionListeners: [org.springframework.test.context.web.ServletTestExecutionListener@b5121d, org.springframework.test.context.support.DirtiesContextBeforeModesTestExecutionListener@1f8642b, org.springframework.boot.test.autoconfigure.SpringBootDependencyInjectionTestExecutionListener@131d008, org.springframework.test.context.support.DirtiesContextTestExecutionListener@1394dc4, org.springframework.test.context.transaction.TransactionalTestExecutionListener@1d09044, org.springframework.test.context.jdbc.SqlScriptsTestExecutionListener@1cd6ea9, org.springframework.boot.test.mock.mockito.ResetMocksTestExecutionListener@194c48, org.springframework.boot.test.autoconfigure.web.servlet.MockMvcPrintOnlyOnFailureTestExecutionListener@1977922, org.springframework.boot.test.mock.mockito.MockitoTestExecutionListener@9e8f24, org.springframework.boot.test.autoconfigure.web.client.MockRestServiceServerResetTestExecutionListener@560e38, org.springframework.boot.test.autoconfigure.restdocs.RestDocsTestExecutionListener@9968f6, org.springframework.boot.test.autoconfigure.web.servlet.WebDriverTestExecutionListener@db58ae]
10:13:21.567 [Test worker] DEBUG org.springframework.test.annotation.ProfileValueUtils - Retrieved @ProfileValueSourceConfiguration [null] for test class [ro.irina.pizza3.api.RestaurantControllerTest]
10:13:21.568 [Test worker] DEBUG org.springframework.test.annotation.ProfileValueUtils - Retrieved ProfileValueSource type [class org.springframework.test.annotation.SystemProfileValueSource] for class [ro.irina.pizza3.api.RestaurantControllerTest]
10:13:21.569 [Test worker] DEBUG org.springframework.test.annotation.ProfileValueUtils - Retrieved @ProfileValueSourceConfiguration [null] for test class [ro.irina.pizza3.api.RestaurantControllerTest]
10:13:21.569 [Test worker] DEBUG org.springframework.test.annotation.ProfileValueUtils - Retrieved ProfileValueSource type [class org.springframework.test.annotation.SystemProfileValueSource] for class [ro.irina.pizza3.api.RestaurantControllerTest]
10:13:21.573 [Test worker] DEBUG org.springframework.test.context.support.AbstractDirtiesContextTestExecutionListener - Before test class: context [DefaultTestContext@6104ee testClass = RestaurantControllerTest, testInstance = [null], testMethod = [null], testException = [null], mergedContextConfiguration = [WebMergedContextConfiguration@1e8da7c testClass = RestaurantControllerTest, locations = '{}', classes = '{class ro.irina.Application}', contextInitializerClasses = '[]', activeProfiles = '{}', propertySourceLocations = '{}', propertySourceProperties = '{org.springframework.boot.test.autoconfigure.web.servlet.WebMvcTestContextBootstrapper=true}', contextCustomizers = set[org.springframework.boot.test.autoconfigure.OverrideAutoConfigurationContextCustomizerFactory$DisableAutoConfigurationContextCustomizer@34acc6, org.springframework.boot.test.autoconfigure.filter.TypeExcludeFiltersContextCustomizer@40443f3, org.springframework.boot.test.autoconfigure.properties.PropertyMappingContextCustomizer@f72dfadb, org.springframework.boot.test.autoconfigure.web.servlet.WebDriverContextCustomizerFactory$Customizer@fe8a3f, [ImportsContextCustomizer@97c3df key = [org.springframework.boot.autoconfigure.cache.CacheAutoConfiguration, org.springframework.boot.autoconfigure.context.MessageSourceAutoConfiguration, org.springframework.boot.autoconfigure.freemarker.FreeMarkerAutoConfiguration, org.springframework.boot.autoconfigure.groovy.template.GroovyTemplateAutoConfiguration, org.springframework.boot.autoconfigure.gson.GsonAutoConfiguration, org.springframework.boot.autoconfigure.hateoas.HypermediaAutoConfiguration, org.springframework.boot.autoconfigure.jackson.JacksonAutoConfiguration, org.springframework.boot.autoconfigure.mustache.MustacheAutoConfiguration, org.springframework.boot.autoconfigure.thymeleaf.ThymeleafAutoConfiguration, org.springframework.boot.autoconfigure.validation.ValidationAutoConfiguration, org.springframework.boot.autoconfigure.web.ErrorMvcAutoConfiguration, org.springframework.boot.autoconfigure.web.HttpMessageConvertersAutoConfiguration, org.springframework.boot.autoconfigure.web.ServerPropertiesAutoConfiguration, org.springframework.boot.autoconfigure.web.WebMvcAutoConfiguration, org.springframework.boot.test.autoconfigure.web.servlet.MockMvcAutoConfiguration, org.springframework.boot.test.autoconfigure.web.servlet.MockMvcSecurityAutoConfiguration, org.springframework.boot.test.autoconfigure.web.servlet.MockMvcWebClientAutoConfiguration, org.springframework.boot.test.autoconfigure.web.servlet.MockMvcWebDriverAutoConfiguration]], org.springframework.boot.test.context.filter.ExcludeFilterContextCustomizer@17c4e22, org.springframework.boot.test.json.DuplicateJsonObjectContextCustomizerFactory$DuplicateJsonObjectContextCustomizer@19aac46, org.springframework.boot.test.mock.mockito.MockitoContextCustomizer@c62a6bd9], resourceBasePath = '', contextLoader = 'org.springframework.boot.test.context.SpringBootContextLoader', parent = [null]]], class annotated with @DirtiesContext [false] with mode [null].
10:13:21.573 [Test worker] DEBUG org.springframework.test.annotation.ProfileValueUtils - Retrieved @ProfileValueSourceConfiguration [null] for test class [ro.irina.pizza3.api.RestaurantControllerTest]
10:13:21.575 [Test worker] DEBUG org.springframework.test.annotation.ProfileValueUtils - Retrieved ProfileValueSource type [class org.springframework.test.annotation.SystemProfileValueSource] for class [ro.irina.pizza3.api.RestaurantControllerTest]
10:13:21.578 [Test worker] DEBUG org.springframework.test.context.support.DependencyInjectionTestExecutionListener - Performing dependency injection for test context [[DefaultTestContext@6104ee testClass = RestaurantControllerTest, testInstance = ro.irina.pizza3.api.RestaurantControllerTest@cf133b, testMethod = [null], testException = [null], mergedContextConfiguration = [WebMergedContextConfiguration@1e8da7c testClass = RestaurantControllerTest, locations = '{}', classes = '{class ro.irina.Application}', contextInitializerClasses = '[]', activeProfiles = '{}', propertySourceLocations = '{}', propertySourceProperties = '{org.springframework.boot.test.autoconfigure.web.servlet.WebMvcTestContextBootstrapper=true}', contextCustomizers = set[org.springframework.boot.test.autoconfigure.OverrideAutoConfigurationContextCustomizerFactory$DisableAutoConfigurationContextCustomizer@34acc6, org.springframework.boot.test.autoconfigure.filter.TypeExcludeFiltersContextCustomizer@40443f3, org.springframework.boot.test.autoconfigure.properties.PropertyMappingContextCustomizer@f72dfadb, org.springframework.boot.test.autoconfigure.web.servlet.WebDriverContextCustomizerFactory$Customizer@fe8a3f, [ImportsContextCustomizer@97c3df key = [org.springframework.boot.autoconfigure.cache.CacheAutoConfiguration, org.springframework.boot.autoconfigure.context.MessageSourceAutoConfiguration, org.springframework.boot.autoconfigure.freemarker.FreeMarkerAutoConfiguration, org.springframework.boot.autoconfigure.groovy.template.GroovyTemplateAutoConfiguration, org.springframework.boot.autoconfigure.gson.GsonAutoConfiguration, org.springframework.boot.autoconfigure.hateoas.HypermediaAutoConfiguration, org.springframework.boot.autoconfigure.jackson.JacksonAutoConfiguration, org.springframework.boot.autoconfigure.mustache.MustacheAutoConfiguration, org.springframework.boot.autoconfigure.thymeleaf.ThymeleafAutoConfiguration, org.springframework.boot.autoconfigure.validation.ValidationAutoConfiguration, org.springframework.boot.autoconfigure.web.ErrorMvcAutoConfiguration, org.springframework.boot.autoconfigure.web.HttpMessageConvertersAutoConfiguration, org.springframework.boot.autoconfigure.web.ServerPropertiesAutoConfiguration, org.springframework.boot.autoconfigure.web.WebMvcAutoConfiguration, org.springframework.boot.test.autoconfigure.web.servlet.MockMvcAutoConfiguration, org.springframework.boot.test.autoconfigure.web.servlet.MockMvcSecurityAutoConfiguration, org.springframework.boot.test.autoconfigure.web.servlet.MockMvcWebClientAutoConfiguration, org.springframework.boot.test.autoconfigure.web.servlet.MockMvcWebDriverAutoConfiguration]], org.springframework.boot.test.context.filter.ExcludeFilterContextCustomizer@17c4e22, org.springframework.boot.test.json.DuplicateJsonObjectContextCustomizerFactory$DuplicateJsonObjectContextCustomizer@19aac46, org.springframework.boot.test.mock.mockito.MockitoContextCustomizer@c62a6bd9], resourceBasePath = '', contextLoader = 'org.springframework.boot.test.context.SpringBootContextLoader', parent = [null]]]].
10:13:21.822 [Test worker] DEBUG org.springframework.core.env.StandardEnvironment - Adding [systemProperties] PropertySource with lowest search precedence
10:13:21.822 [Test worker] DEBUG org.springframework.core.env.StandardEnvironment - Adding [systemEnvironment] PropertySource with lowest search precedence
10:13:21.822 [Test worker] DEBUG org.springframework.core.env.StandardEnvironment - Initialized StandardEnvironment with PropertySources [systemProperties,systemEnvironment]
10:13:21.826 [Test worker] DEBUG org.springframework.core.env.MutablePropertySources - Adding [inline] PropertySource with highest search precedence
10:13:21.846 [Test worker] DEBUG org.springframework.test.context.support.TestPropertySourceUtils - Adding inlined properties to environment: {spring.jmx.enabled=false, org.springframework.boot.test.autoconfigure.web.servlet.WebMvcTestContextBootstrapper=true, server.port=-1}
10:13:21.846 [Test worker] DEBUG org.springframework.core.env.StandardEnvironment - Adding [Inlined Test Properties] PropertySource with highest search precedence

  .   ____          _            __ _ _
 /\\ / ___'_ __ _ _(_)_ __  __ _ \ \ \ \
( ( )\___ | '_ | '_| | '_ \/ _` | \ \ \ \
 \\/  ___)| |_)| | | | | || (_| |  ) ) ) )
  '  |____| .__|_| |_|_| |_\__, | / / / /
 =========|_|==============|___/=/_/_/_/
 :: Spring Boot ::        (v1.5.6.RELEASE)

2017-09-11 10:13:22.505  INFO 7004 --- [    Test worker] r.i.pizza3.api.RestaurantControllerTest  : Starting RestaurantControllerTest on Asus with PID 7004 (started by Cornel in D:\irina\prog\Java\coffe\samples_2017\pizza3)
2017-09-11 10:13:22.506  INFO 7004 --- [    Test worker] r.i.pizza3.api.RestaurantControllerTest  : No active profile set, falling back to default profiles: default
2017-09-11 10:13:23.034  INFO 7004 --- [    Test worker] o.s.w.c.s.GenericWebApplicationContext   : Refreshing org.springframework.web.context.support.GenericWebApplicationContext@10324bd: startup date [Mon Sep 11 10:13:23 EEST 2017]; root of context hierarchy
2017-09-11 10:13:25.569  INFO 7004 --- [    Test worker] trationDelegate$BeanPostProcessorChecker : Bean 'org.springframework.cache.annotation.ProxyCachingConfiguration' of type [org.springframework.cache.annotation.ProxyCachingConfiguration$$EnhancerBySpringCGLIB$$a62219b5] is not eligible for getting processed by all BeanPostProcessors (for example: not eligible for auto-proxying)
2017-09-11 10:13:25.613  INFO 7004 --- [    Test worker] trationDelegate$BeanPostProcessorChecker : Bean 'org.springframework.boot.autoconfigure.cache.CacheAutoConfiguration' of type [org.springframework.boot.autoconfigure.cache.CacheAutoConfiguration$$EnhancerBySpringCGLIB$$9a95de59] is not eligible for getting processed by all BeanPostProcessors (for example: not eligible for auto-proxying)
2017-09-11 10:13:25.653  INFO 7004 --- [    Test worker] trationDelegate$BeanPostProcessorChecker : Bean 'spring.cache-org.springframework.boot.autoconfigure.cache.CacheProperties' of type [org.springframework.boot.autoconfigure.cache.CacheProperties] is not eligible for getting processed by all BeanPostProcessors (for example: not eligible for auto-proxying)
2017-09-11 10:13:25.661  INFO 7004 --- [    Test worker] trationDelegate$BeanPostProcessorChecker : Bean 'org.springframework.boot.autoconfigure.cache.NoOpCacheConfiguration' of type [org.springframework.boot.autoconfigure.cache.NoOpCacheConfiguration$$EnhancerBySpringCGLIB$$580fa70a] is not eligible for getting processed by all BeanPostProcessors (for example: not eligible for auto-proxying)
2017-09-11 10:13:25.684  INFO 7004 --- [    Test worker] trationDelegate$BeanPostProcessorChecker : Bean 'cacheManager' of type [org.springframework.cache.support.NoOpCacheManager] is not eligible for getting processed by all BeanPostProcessors (for example: not eligible for auto-proxying)
2017-09-11 10:13:25.686  INFO 7004 --- [    Test worker] trationDelegate$BeanPostProcessorChecker : Bean 'cacheAutoConfigurationValidator' of type [org.springframework.boot.autoconfigure.cache.CacheAutoConfiguration$CacheManagerValidator] is not eligible for getting processed by all BeanPostProcessors (for example: not eligible for auto-proxying)
2017-09-11 10:13:26.648  INFO 7004 --- [    Test worker] s.w.s.m.m.a.RequestMappingHandlerAdapter : Looking for @ControllerAdvice: org.springframework.web.context.support.GenericWebApplicationContext@10324bd: startup date [Mon Sep 11 10:13:23 EEST 2017]; root of context hierarchy
2017-09-11 10:13:26.787  INFO 7004 --- [    Test worker] s.w.s.m.m.a.RequestMappingHandlerMapping : Mapped "{[/index],methods=[GET]}" onto public org.springframework.web.servlet.ModelAndView ro.irina.pizza3.api.RestaurantController.index()
2017-09-11 10:13:26.789  INFO 7004 --- [    Test worker] s.w.s.m.m.a.RequestMappingHandlerMapping : Mapped "{[/restaurants/id/{rid}],methods=[GET]}" onto public org.springframework.web.servlet.ModelAndView ro.irina.pizza3.api.RestaurantController.restaurantById(java.lang.Integer)
2017-09-11 10:13:26.790  INFO 7004 --- [    Test worker] s.w.s.m.m.a.RequestMappingHandlerMapping : Mapped "{[/]}" onto java.lang.String ro.irina.pizza3.api.RestaurantController.home()
2017-09-11 10:13:26.792  INFO 7004 --- [    Test worker] s.w.s.m.m.a.RequestMappingHandlerMapping : Mapped "{[/restaurants/closest],methods=[GET]}" onto public org.springframework.web.servlet.view.RedirectView ro.irina.pizza3.api.RestaurantController.restaurantClosest()
2017-09-11 10:13:26.797  INFO 7004 --- [    Test worker] s.w.s.m.m.a.RequestMappingHandlerMapping : Mapped "{[/error]}" onto public org.springframework.http.ResponseEntity<java.util.Map<java.lang.String, java.lang.Object>> org.springframework.boot.autoconfigure.web.BasicErrorController.error(javax.servlet.http.HttpServletRequest)
2017-09-11 10:13:26.798  INFO 7004 --- [    Test worker] s.w.s.m.m.a.RequestMappingHandlerMapping : Mapped "{[/error],produces=[text/html]}" onto public org.springframework.web.servlet.ModelAndView org.springframework.boot.autoconfigure.web.BasicErrorController.errorHtml(javax.servlet.http.HttpServletRequest,javax.servlet.http.HttpServletResponse)
2017-09-11 10:13:26.872  INFO 7004 --- [    Test worker] o.s.w.s.handler.SimpleUrlHandlerMapping  : Mapped URL path [/webjars/**] onto handler of type [class org.springframework.web.servlet.resource.ResourceHttpRequestHandler]
2017-09-11 10:13:26.872  INFO 7004 --- [    Test worker] o.s.w.s.handler.SimpleUrlHandlerMapping  : Mapped URL path [/**] onto handler of type [class org.springframework.web.servlet.resource.ResourceHttpRequestHandler]
2017-09-11 10:13:26.949  INFO 7004 --- [    Test worker] o.s.w.s.handler.SimpleUrlHandlerMapping  : Mapped URL path [/**/favicon.ico] onto handler of type [class org.springframework.web.servlet.resource.ResourceHttpRequestHandler]
2017-09-11 10:13:28.189  INFO 7004 --- [    Test worker] o.s.b.t.m.w.SpringBootMockServletContext : Initializing Spring FrameworkServlet ''
2017-09-11 10:13:28.189  INFO 7004 --- [    Test worker] o.s.t.web.servlet.TestDispatcherServlet  : FrameworkServlet '': initialization started
2017-09-11 10:13:28.222  INFO 7004 --- [    Test worker] o.s.t.web.servlet.TestDispatcherServlet  : FrameworkServlet '': initialization completed in 33 ms
2017-09-11 10:13:28.497  INFO 7004 --- [    Test worker] r.i.pizza3.api.RestaurantControllerTest  : Started RestaurantControllerTest in 6.559 seconds (JVM running for 9.761)

MockHttpServletRequest:
      HTTP Method = GET
      Request URI = /index
       Parameters = {}
          Headers = {}

Handler:
             Type = ro.irina.pizza3.api.RestaurantController
           Method = public org.springframework.web.servlet.ModelAndView ro.irina.pizza3.api.RestaurantController.index()

Async:
    Async started = false
     Async result = null

Resolved Exception:
             Type = null

ModelAndView:
        View name = index
             View = null
        Attribute = restaurants
            value = []

FlashMap:
       Attributes = null

MockHttpServletResponse:
           Status = 200
    Error message = null
          Headers = {Content-Type=[text/html;charset=UTF-8]}
     Content type = text/html;charset=UTF-8
             Body = <!DOCTYPE html>

<html>
    <head>
        <title>Restaurants</title>
        <link rel="stylesheet" href="/css/style.css" />
        <meta charset="UTF-8" />
        <meta name="viewport" content="width=device-width, initial-scale=1.0" />
    </head>
    <body>
        <h2>List of restaurants</h2>
        <h3> <a href="/restaurants/closest" class="btnclosest"> Find closest restaurant </a></h3>

        <table>
            <tr>
                <th>Id</th>
                <th>Name</th>
                <th>Address</th>
            </tr>
            
        </table>

    </body>
</html>
    Forwarded URL = null
   Redirected URL = null
          Cookies = []
]]></system-out>
  <system-err><![CDATA[]]></system-err>
</testsuite>
