<?xml version="1.0" encoding="UTF-8"?>
<testsuite name="ro.irina.pizza3.service.RestaurantServiceTest" tests="1" skipped="0" failures="0" errors="0" timestamp="2017-08-25T15:19:51" hostname="Asus" time="0.009">
  <properties/>
  <testcase name="getRestaurantByIdTest" classname="ro.irina.pizza3.service.RestaurantServiceTest" time="0.009"/>
  <system-out><![CDATA[2017-08-25 18:19:49.638  INFO 7336 --- [    Test worker] .b.t.a.w.s.WebMvcTestContextBootstrapper : Neither @ContextConfiguration nor @ContextHierarchy found for test class [ro.irina.pizza3.service.RestaurantServiceTest], using SpringBootContextLoader
2017-08-25 18:19:49.639  INFO 7336 --- [    Test worker] o.s.t.c.support.AbstractContextLoader    : Could not detect default resource locations for test class [ro.irina.pizza3.service.RestaurantServiceTest]: no resource found for suffixes {-context.xml, Context.groovy}.
2017-08-25 18:19:49.639  INFO 7336 --- [    Test worker] t.c.s.AnnotationConfigContextLoaderUtils : Could not detect default configuration classes for test class [ro.irina.pizza3.service.RestaurantServiceTest]: RestaurantServiceTest does not declare any static, non-private, non-final, nested classes annotated with @Configuration.
2017-08-25 18:19:49.671  INFO 7336 --- [    Test worker] .b.t.c.SpringBootTestContextBootstrapper : Found @SpringBootConfiguration ro.irina.Application for test class ro.irina.pizza3.service.RestaurantServiceTest
2017-08-25 18:19:49.675  INFO 7336 --- [    Test worker] .b.t.a.w.s.WebMvcTestContextBootstrapper : Loaded default TestExecutionListener class names from location [META-INF/spring.factories]: [org.springframework.boot.test.autoconfigure.restdocs.RestDocsTestExecutionListener, org.springframework.boot.test.autoconfigure.web.client.MockRestServiceServerResetTestExecutionListener, org.springframework.boot.test.autoconfigure.web.servlet.MockMvcPrintOnlyOnFailureTestExecutionListener, org.springframework.boot.test.autoconfigure.web.servlet.WebDriverTestExecutionListener, org.springframework.boot.test.mock.mockito.MockitoTestExecutionListener, org.springframework.boot.test.mock.mockito.ResetMocksTestExecutionListener, org.springframework.test.context.web.ServletTestExecutionListener, org.springframework.test.context.support.DirtiesContextBeforeModesTestExecutionListener, org.springframework.test.context.support.DependencyInjectionTestExecutionListener, org.springframework.test.context.support.DirtiesContextTestExecutionListener, org.springframework.test.context.transaction.TransactionalTestExecutionListener, org.springframework.test.context.jdbc.SqlScriptsTestExecutionListener]
2017-08-25 18:19:49.678  INFO 7336 --- [    Test worker] .b.t.a.w.s.WebMvcTestContextBootstrapper : Using TestExecutionListeners: [org.springframework.test.context.web.ServletTestExecutionListener@b2f258, org.springframework.test.context.support.DirtiesContextBeforeModesTestExecutionListener@1bf3666, org.springframework.boot.test.autoconfigure.SpringBootDependencyInjectionTestExecutionListener@731e5a, org.springframework.test.context.support.DirtiesContextTestExecutionListener@9152cc, org.springframework.test.context.transaction.TransactionalTestExecutionListener@1ea5c34, org.springframework.test.context.jdbc.SqlScriptsTestExecutionListener@17041a9, org.springframework.boot.test.mock.mockito.MockitoTestExecutionListener@1e70b13, org.springframework.boot.test.autoconfigure.web.servlet.MockMvcPrintOnlyOnFailureTestExecutionListener@18e3911, org.springframework.boot.test.autoconfigure.web.client.MockRestServiceServerResetTestExecutionListener@68c4e8, org.springframework.boot.test.autoconfigure.restdocs.RestDocsTestExecutionListener@1bea7c5, org.springframework.boot.test.autoconfigure.web.servlet.WebDriverTestExecutionListener@689b2, org.springframework.boot.test.mock.mockito.ResetMocksTestExecutionListener@607c12]

  .   ____          _            __ _ _
 /\\ / ___'_ __ _ _(_)_ __  __ _ \ \ \ \
( ( )\___ | '_ | '_| | '_ \/ _` | \ \ \ \
 \\/  ___)| |_)| | | | | || (_| |  ) ) ) )
  '  |____| .__|_| |_|_| |_\__, | / / / /
 =========|_|==============|___/=/_/_/_/
 :: Spring Boot ::        (v1.5.6.RELEASE)

2017-08-25 18:19:49.759  INFO 7336 --- [    Test worker] r.i.p.service.RestaurantServiceTest      : Starting RestaurantServiceTest on Asus with PID 7336 (started by Cornel in D:\irina\prog\Java\coffe\samples_2017\pizza3)
2017-08-25 18:19:49.759  INFO 7336 --- [    Test worker] r.i.p.service.RestaurantServiceTest      : No active profile set, falling back to default profiles: default
2017-08-25 18:19:49.762  INFO 7336 --- [    Test worker] o.s.w.c.s.GenericWebApplicationContext   : Refreshing org.springframework.web.context.support.GenericWebApplicationContext@ff9892: startup date [Fri Aug 25 18:19:49 EEST 2017]; root of context hierarchy
2017-08-25 18:19:50.413  INFO 7336 --- [    Test worker] trationDelegate$BeanPostProcessorChecker : Bean 'org.springframework.cache.annotation.ProxyCachingConfiguration' of type [org.springframework.cache.annotation.ProxyCachingConfiguration$$EnhancerBySpringCGLIB$$5f3d3a7c] is not eligible for getting processed by all BeanPostProcessors (for example: not eligible for auto-proxying)
2017-08-25 18:19:50.424  INFO 7336 --- [    Test worker] trationDelegate$BeanPostProcessorChecker : Bean 'org.springframework.boot.autoconfigure.cache.CacheAutoConfiguration' of type [org.springframework.boot.autoconfigure.cache.CacheAutoConfiguration$$EnhancerBySpringCGLIB$$53b0ff20] is not eligible for getting processed by all BeanPostProcessors (for example: not eligible for auto-proxying)
2017-08-25 18:19:50.442  INFO 7336 --- [    Test worker] trationDelegate$BeanPostProcessorChecker : Bean 'spring.cache-org.springframework.boot.autoconfigure.cache.CacheProperties' of type [org.springframework.boot.autoconfigure.cache.CacheProperties] is not eligible for getting processed by all BeanPostProcessors (for example: not eligible for auto-proxying)
2017-08-25 18:19:50.446  INFO 7336 --- [    Test worker] trationDelegate$BeanPostProcessorChecker : Bean 'org.springframework.boot.autoconfigure.cache.NoOpCacheConfiguration' of type [org.springframework.boot.autoconfigure.cache.NoOpCacheConfiguration$$EnhancerBySpringCGLIB$$112ac7d1] is not eligible for getting processed by all BeanPostProcessors (for example: not eligible for auto-proxying)
2017-08-25 18:19:50.451  INFO 7336 --- [    Test worker] trationDelegate$BeanPostProcessorChecker : Bean 'cacheManager' of type [org.springframework.cache.support.NoOpCacheManager] is not eligible for getting processed by all BeanPostProcessors (for example: not eligible for auto-proxying)
2017-08-25 18:19:50.451  INFO 7336 --- [    Test worker] trationDelegate$BeanPostProcessorChecker : Bean 'cacheAutoConfigurationValidator' of type [org.springframework.boot.autoconfigure.cache.CacheAutoConfiguration$CacheManagerValidator] is not eligible for getting processed by all BeanPostProcessors (for example: not eligible for auto-proxying)
2017-08-25 18:19:50.856  INFO 7336 --- [    Test worker] s.w.s.m.m.a.RequestMappingHandlerAdapter : Looking for @ControllerAdvice: org.springframework.web.context.support.GenericWebApplicationContext@ff9892: startup date [Fri Aug 25 18:19:49 EEST 2017]; root of context hierarchy
2017-08-25 18:19:50.888  INFO 7336 --- [    Test worker] s.w.s.m.m.a.RequestMappingHandlerMapping : Mapped "{[/error]}" onto public org.springframework.http.ResponseEntity<java.util.Map<java.lang.String, java.lang.Object>> org.springframework.boot.autoconfigure.web.BasicErrorController.error(javax.servlet.http.HttpServletRequest)
2017-08-25 18:19:50.889  INFO 7336 --- [    Test worker] s.w.s.m.m.a.RequestMappingHandlerMapping : Mapped "{[/error],produces=[text/html]}" onto public org.springframework.web.servlet.ModelAndView org.springframework.boot.autoconfigure.web.BasicErrorController.errorHtml(javax.servlet.http.HttpServletRequest,javax.servlet.http.HttpServletResponse)
2017-08-25 18:19:50.930  INFO 7336 --- [    Test worker] o.s.w.s.handler.SimpleUrlHandlerMapping  : Mapped URL path [/webjars/**] onto handler of type [class org.springframework.web.servlet.resource.ResourceHttpRequestHandler]
2017-08-25 18:19:50.931  INFO 7336 --- [    Test worker] o.s.w.s.handler.SimpleUrlHandlerMapping  : Mapped URL path [/**] onto handler of type [class org.springframework.web.servlet.resource.ResourceHttpRequestHandler]
2017-08-25 18:19:50.970  INFO 7336 --- [    Test worker] o.s.w.s.handler.SimpleUrlHandlerMapping  : Mapped URL path [/**/favicon.ico] onto handler of type [class org.springframework.web.servlet.resource.ResourceHttpRequestHandler]
2017-08-25 18:19:51.176  INFO 7336 --- [    Test worker] o.s.b.t.m.w.SpringBootMockServletContext : Initializing Spring FrameworkServlet ''
2017-08-25 18:19:51.176  INFO 7336 --- [    Test worker] o.s.t.web.servlet.TestDispatcherServlet  : FrameworkServlet '': initialization started
2017-08-25 18:19:51.187  INFO 7336 --- [    Test worker] o.s.t.web.servlet.TestDispatcherServlet  : FrameworkServlet '': initialization completed in 11 ms
2017-08-25 18:19:51.243  INFO 7336 --- [    Test worker] r.i.p.service.RestaurantServiceTest      : Started RestaurantServiceTest in 1.554 seconds (JVM running for 8.082)
]]></system-out>
  <system-err><![CDATA[]]></system-err>
</testsuite>
